<?xml version="1.0" encoding="UTF-8"?>
<testsuite xmlns:xsi="http://www.w3.org/2001/XMLSchema-instance" xsi:noNamespaceSchemaLocation="https://maven.apache.org/surefire/maven-surefire-plugin/xsd/surefire-test-report.xsd" name="GuessTest" time="0.022" tests="5" errors="0" skipped="0" failures="0">
  <properties>
[...]
</properties>
  <testcase name="testInitializationTracker" classname="GuessTest" time="0.013"/>
  <testcase name="testIsInArrTrue" classname="GuessTest" time="0.001"/>
  <testcase name="testResetTracker" classname="GuessTest" time="0.001"/>
  <testcase name="testIsInArrMultiple" classname="GuessTest" time="0.001"/>
  <testcase name="testArrayResetTracker" classname="GuessTest" time="0.001"/>
</testsuite>